<?xml version="1.0" encoding="UTF-8" ?>
<testsuite tests="1" failures="0" name="io.swagger.client.api.ResourcesApiTest" time="0.001" errors="0" skipped="1">
  <properties>
    <property name="java.runtime.name" value="OpenJDK Runtime Environment"/>
    <property name="java.vm.version" value="14.0.1+14"/>
    <property name="sun.boot.library.path" value="/usr/local/Cellar/openjdk/14.0.1/libexec/openjdk.jdk/Contents/Home/lib"/>
    <property name="maven.multiModuleProjectDirectory" value="/Users/dimaktr/Downloads/java-client-generated"/>
    <property name="java.vm.vendor" value="Oracle Corporation"/>
    <property name="java.vendor.url" value="https://openjdk.java.net/"/>
    <property name="path.separator" value=":"/>
    <property name="guice.disable.misplaced.annotation.check" value="true"/>
    <property name="java.vm.name" value="OpenJDK 64-Bit Server VM"/>
    <property name="user.country" value="UA"/>
    <property name="sun.java.launcher" value="SUN_STANDARD"/>
    <property name="java.vm.specification.name" value="Java Virtual Machine Specification"/>
    <property name="user.dir" value="/Users/dimaktr/Downloads/java-client-generated"/>
    <property name="java.vm.compressedOopsMode" value="Zero based"/>
    <property name="java.runtime.version" value="14.0.1+14"/>
    <property name="os.arch" value="x86_64"/>
    <property name="java.io.tmpdir" value="/var/folders/rz/yyx460392d745rzbgg1kc1fh0000gn/T/"/>
    <property name="line.separator" value="
"/>
    <property name="java.vm.specification.vendor" value="Oracle Corporation"/>
    <property name="os.name" value="Mac OS X"/>
    <property name="classworlds.conf" value="/usr/local/Cellar/maven/3.6.3_1/libexec/bin/m2.conf"/>
    <property name="sun.jnu.encoding" value="UTF-8"/>
    <property name="java.library.path" value="/Users/dimaktr/Library/Java/Extensions:/Library/Java/Extensions:/Network/Library/Java/Extensions:/System/Library/Java/Extensions:/usr/lib/java:."/>
    <property name="maven.conf" value="/usr/local/Cellar/maven/3.6.3_1/libexec/conf"/>
    <property name="jdk.debug" value="release"/>
    <property name="java.class.version" value="58.0"/>
    <property name="java.specification.name" value="Java Platform API Specification"/>
    <property name="sun.management.compiler" value="HotSpot 64-Bit Tiered Compilers"/>
    <property name="os.version" value="10.15.7"/>
    <property name="library.jansi.path" value="/usr/local/Cellar/maven/3.6.3_1/libexec/lib/jansi-native"/>
    <property name="user.home" value="/Users/dimaktr"/>
    <property name="user.timezone" value="Europe/Kiev"/>
    <property name="file.encoding" value="UTF-8"/>
    <property name="java.specification.version" value="14"/>
    <property name="user.name" value="dimaktr"/>
    <property name="java.class.path" value="/usr/local/Cellar/maven/3.6.3_1/libexec/boot/plexus-classworlds-2.6.0.jar"/>
    <property name="java.vm.specification.version" value="14"/>
    <property name="sun.arch.data.model" value="64"/>
    <property name="sun.java.command" value="org.codehaus.plexus.classworlds.launcher.Launcher clean package"/>
    <property name="java.home" value="/usr/local/Cellar/openjdk/14.0.1/libexec/openjdk.jdk/Contents/Home"/>
    <property name="user.language" value="uk"/>
    <property name="java.specification.vendor" value="Oracle Corporation"/>
    <property name="java.vm.info" value="mixed mode, sharing"/>
    <property name="java.version" value="14.0.1"/>
    <property name="java.vendor" value="N/A"/>
    <property name="maven.home" value="/usr/local/Cellar/maven/3.6.3_1/libexec"/>
    <property name="file.separator" value="/"/>
    <property name="java.version.date" value="2020-04-14"/>
    <property name="java.vendor.url.bug" value="https://bugreport.java.com/bugreport/"/>
    <property name="sun.io.unicode.encoding" value="UnicodeBig"/>
    <property name="sun.cpu.endian" value="little"/>
  </properties>
  <testcase classname="io.swagger.client.api.ResourcesApiTest" name="io.swagger.client.api.ResourcesApiTest" time="0.001">
    <skipped/>
  </testcase>
</testsuite>